d:\github\kinpo\eremeev_kinpo\eremeev_kinpo\debug\vc143.pdb
d:\github\kinpo\eremeev_kinpo\eremeev_kinpo\debug\vc143.idb
d:\github\kinpo\eremeev_kinpo\eremeev_kinpo\debug\exprnode.obj
d:\github\kinpo\eremeev_kinpo\eremeev_kinpo\debug\error.obj
d:\github\kinpo\eremeev_kinpo\eremeev_kinpo\debug\eremeev_kinpo.obj
d:\github\kinpo\eremeev_kinpo\eremeev_kinpo\debug\eremeev_kinpo.ilk
d:\github\kinpo\eremeev_kinpo\debug\eremeev_kinpo.pdb
d:\github\kinpo\eremeev_kinpo\eremeev_kinpo\debug\eremeev_kinpo.tlog\cl.command.1.tlog
d:\github\kinpo\eremeev_kinpo\eremeev_kinpo\debug\eremeev_kinpo.tlog\cl.items.tlog
d:\github\kinpo\eremeev_kinpo\eremeev_kinpo\debug\eremeev_kinpo.tlog\cl.read.1.tlog
d:\github\kinpo\eremeev_kinpo\eremeev_kinpo\debug\eremeev_kinpo.tlog\cl.write.1.tlog
d:\github\kinpo\eremeev_kinpo\eremeev_kinpo\debug\eremeev_kinpo.tlog\link.19912-cvtres.read.1.tlog
d:\github\kinpo\eremeev_kinpo\eremeev_kinpo\debug\eremeev_kinpo.tlog\link.19912-cvtres.write.1.tlog
d:\github\kinpo\eremeev_kinpo\eremeev_kinpo\debug\eremeev_kinpo.tlog\link.19912-rc.read.1.tlog
d:\github\kinpo\eremeev_kinpo\eremeev_kinpo\debug\eremeev_kinpo.tlog\link.19912-rc.write.1.tlog
d:\github\kinpo\eremeev_kinpo\eremeev_kinpo\debug\eremeev_kinpo.tlog\link.19912.read.1.tlog
d:\github\kinpo\eremeev_kinpo\eremeev_kinpo\debug\eremeev_kinpo.tlog\link.19912.write.1.tlog
d:\github\kinpo\eremeev_kinpo\eremeev_kinpo\debug\eremeev_kinpo.tlog\link.command.1.tlog
d:\github\kinpo\eremeev_kinpo\eremeev_kinpo\debug\eremeev_kinpo.tlog\link.read.1.tlog
d:\github\kinpo\eremeev_kinpo\eremeev_kinpo\debug\eremeev_kinpo.tlog\link.secondary.1.tlog
d:\github\kinpo\eremeev_kinpo\eremeev_kinpo\debug\eremeev_kinpo.tlog\link.write.1.tlog
